[2012-10-01 11:26:39] Query_Log.INFO: SELECT SQL_CALC_FOUND_ROWS  wp_posts.ID FROM wp_posts  WHERE 1=1  AND wp_posts.post_type = 'post' AND (wp_posts.post_status = 'publish')  ORDER BY wp_posts.post_date DESC LIMIT 0, 10 [] []
[2012-10-04 16:32:32] Query_Log.INFO: SELECT * FROM wp_users WHERE user_login = 'admin' [] []
[2012-10-04 16:32:32] Query_Log.INFO: SELECT option_value FROM wp_options WHERE option_name = 'widget_pages' LIMIT 1 [] []
[2012-10-04 16:32:33] Query_Log.INFO: SELECT option_value FROM wp_options WHERE option_name = 'widget_calendar' LIMIT 1 [] []
[2012-10-04 16:32:33] Query_Log.INFO: SELECT option_value FROM wp_options WHERE option_name = 'widget_links' LIMIT 1 [] []
[2012-10-04 16:32:33] Query_Log.INFO: SELECT option_value FROM wp_options WHERE option_name = 'widget_tag_cloud' LIMIT 1 [] []
[2012-10-04 16:32:33] Query_Log.INFO: SELECT option_value FROM wp_options WHERE option_name = 'widget_nav_menu' LIMIT 1 [] []
[2012-10-04 16:32:37] Query_Log.INFO: SELECT option_value FROM wp_options WHERE option_name = 'widget_pages' LIMIT 1 [] []
[2012-10-04 16:32:37] Query_Log.INFO: SELECT option_value FROM wp_options WHERE option_name = 'widget_calendar' LIMIT 1 [] []
[2012-10-04 16:32:38] Query_Log.INFO: SELECT option_value FROM wp_options WHERE option_name = 'widget_links' LIMIT 1 [] []
[2012-10-04 16:32:38] Query_Log.INFO: SELECT option_value FROM wp_options WHERE option_name = 'widget_tag_cloud' LIMIT 1 [] []
[2012-10-04 16:32:38] Query_Log.INFO: SELECT option_value FROM wp_options WHERE option_name = 'widget_nav_menu' LIMIT 1 [] []
[2012-10-04 16:32:38] Query_Log.INFO: SELECT * FROM wp_users WHERE user_login = 'admin' [] []
[2012-10-04 16:32:39] Query_Log.INFO: SELECT * FROM wp_users WHERE user_login = 'admin' [] []
[2012-10-04 16:32:46] Query_Log.INFO: SELECT option_value FROM wp_options WHERE option_name = 'widget_pages' LIMIT 1 [] []
[2012-10-04 16:32:46] Query_Log.INFO: SELECT option_value FROM wp_options WHERE option_name = 'widget_calendar' LIMIT 1 [] []
[2012-10-04 16:32:47] Query_Log.INFO: SELECT option_value FROM wp_options WHERE option_name = 'widget_links' LIMIT 1 [] []
[2012-10-04 16:32:47] Query_Log.INFO: SELECT option_value FROM wp_options WHERE option_name = 'widget_tag_cloud' LIMIT 1 [] []
[2012-10-04 16:32:47] Query_Log.INFO: SELECT option_value FROM wp_options WHERE option_name = 'widget_nav_menu' LIMIT 1 [] []
[2012-10-04 16:32:47] Query_Log.INFO: SELECT * FROM wp_users WHERE user_login = 'admin' [] []
[2012-10-04 16:32:47] Query_Log.INFO: SELECT * FROM wp_users WHERE user_login = 'admin' [] []
[2012-10-04 16:33:05] Query_Log.INFO: SELECT option_value FROM wp_options WHERE option_name = 'widget_pages' LIMIT 1 [] []
[2012-10-04 16:33:06] Query_Log.INFO: SELECT option_value FROM wp_options WHERE option_name = 'widget_calendar' LIMIT 1 [] []
[2012-10-04 16:33:06] Query_Log.INFO: SELECT option_value FROM wp_options WHERE option_name = 'widget_links' LIMIT 1 [] []
[2012-10-04 16:33:06] Query_Log.INFO: SELECT option_value FROM wp_options WHERE option_name = 'widget_tag_cloud' LIMIT 1 [] []
[2012-10-04 16:33:06] Query_Log.INFO: SELECT option_value FROM wp_options WHERE option_name = 'widget_nav_menu' LIMIT 1 [] []
[2012-10-04 16:33:10] Query_Log.INFO: SELECT option_value FROM wp_options WHERE option_name = 'widget_pages' LIMIT 1 [] []
[2012-10-04 16:33:10] Query_Log.INFO: SELECT option_value FROM wp_options WHERE option_name = 'widget_calendar' LIMIT 1 [] []
[2012-10-04 16:33:10] Query_Log.INFO: SELECT option_value FROM wp_options WHERE option_name = 'widget_links' LIMIT 1 [] []
[2012-10-04 16:33:10] Query_Log.INFO: SELECT option_value FROM wp_options WHERE option_name = 'widget_tag_cloud' LIMIT 1 [] []
[2012-10-04 16:33:10] Query_Log.INFO: SELECT option_value FROM wp_options WHERE option_name = 'widget_nav_menu' LIMIT 1 [] []
[2012-10-04 16:33:11] Query_Log.INFO: SELECT * FROM wp_users WHERE user_login = 'admin' [] []
[2012-10-04 16:33:11] Query_Log.INFO: SELECT * FROM wp_users WHERE user_login = 'admin' [] []
